# JRE version: OpenJDK Runtime Environment (21.0.6) (build 21.0.6+-13368085-b895.109)
# Java VM: OpenJDK 64-Bit Server VM (21.0.6+-13368085-b895.109, mixed mode, tiered, compressed oops, compressed class ptrs, g1 gc, windows-amd64)
GC Precious Log:
 CardTable entry size: 512
 Card Set container configuration: InlinePtr #cards 4 size 8 Array Of Cards #cards 32 size 80 Howl #buckets 8 coarsen threshold 7372 Howl Bitmap #cards 1024 size 144 coarsen threshold 921 Card regions per heap region 1 cards per card region 8192
 CPUs: 8 total, 8 available
 Memory: 7908M
 Large Page Support: Disabled
 NUMA Support: Disabled
 Compressed Oops: Enabled (Zero based)
 Heap Region Size: 4M
 Heap Min Capacity: 8M
 Heap Initial Capacity: 124M
 Heap Max Capacity: 6G
 Pre-touch: Disabled
 Parallel Workers: 8
 Concurrent Workers: 2
 Concurrent Refinement Workers: 8
 Periodic GC: Disabled
Heap:
 garbage-first heap   total 757760K, used 618007K [0x0000000680000000, 0x0000000800000000)
  region size 4096K, 4 young (16384K), 4 survivors (16384K)
 Metaspace       used 145802K, committed 148672K, reserved 1179648K
  class space    used 19320K, committed 20608K, reserved 1048576K
GC Heap History (20 events):
Event: 101.085 GC heap after
{Heap after GC invocations=70 (full 0):
 garbage-first heap   total 512000K, used 310240K [0x0000000680000000, 0x0000000800000000)
  region size 4096K, 4 young (16384K), 4 survivors (16384K)
 Metaspace       used 137531K, committed 140416K, reserved 1179648K
  class space    used 18328K, committed 19648K, reserved 1048576K
}
Event: 103.088 GC heap before
{Heap before GC invocations=70 (full 0):
 garbage-first heap   total 512000K, used 461792K [0x0000000680000000, 0x0000000800000000)
  region size 4096K, 42 young (172032K), 4 survivors (16384K)
 Metaspace       used 138775K, committed 141696K, reserved 1179648K
  class space    used 18483K, committed 19840K, reserved 1048576K
}
Event: 103.122 GC heap after
{Heap after GC invocations=71 (full 0):
 garbage-first heap   total 512000K, used 320910K [0x0000000680000000, 0x0000000800000000)
  region size 4096K, 6 young (24576K), 6 survivors (24576K)
 Metaspace       used 138775K, committed 141696K, reserved 1179648K
  class space    used 18483K, committed 19840K, reserved 1048576K
}
Event: 104.201 GC heap before
{Heap before GC invocations=71 (full 0):
 garbage-first heap   total 512000K, used 456078K [0x0000000680000000, 0x0000000800000000)
  region size 4096K, 39 young (159744K), 6 survivors (24576K)
 Metaspace       used 138779K, committed 141696K, reserved 1179648K
  class space    used 18483K, committed 19840K, reserved 1048576K
}
Event: 104.347 GC heap after
{Heap after GC invocations=72 (full 0):
 garbage-first heap   total 626688K, used 357821K [0x0000000680000000, 0x0000000800000000)
  region size 4096K, 5 young (20480K), 5 survivors (20480K)
 Metaspace       used 138779K, committed 141696K, reserved 1179648K
  class space    used 18483K, committed 19840K, reserved 1048576K
}
Event: 107.282 GC heap before
{Heap before GC invocations=73 (full 0):
 garbage-first heap   total 626688K, used 542141K [0x0000000680000000, 0x0000000800000000)
  region size 4096K, 51 young (208896K), 5 survivors (20480K)
 Metaspace       used 138938K, committed 141824K, reserved 1179648K
  class space    used 18508K, committed 19840K, reserved 1048576K
}
Event: 107.324 GC heap after
{Heap after GC invocations=74 (full 0):
 garbage-first heap   total 626688K, used 398068K [0x0000000680000000, 0x0000000800000000)
  region size 4096K, 7 young (28672K), 7 survivors (28672K)
 Metaspace       used 138938K, committed 141824K, reserved 1179648K
  class space    used 18508K, committed 19840K, reserved 1048576K
}
Event: 110.998 GC heap before
{Heap before GC invocations=74 (full 0):
 garbage-first heap   total 626688K, used 545524K [0x0000000680000000, 0x0000000800000000)
  region size 4096K, 44 young (180224K), 7 survivors (28672K)
 Metaspace       used 145086K, committed 148032K, reserved 1179648K
  class space    used 19268K, committed 20608K, reserved 1048576K
}
Event: 111.044 GC heap after
{Heap after GC invocations=75 (full 0):
 garbage-first heap   total 626688K, used 421525K [0x0000000680000000, 0x0000000800000000)
  region size 4096K, 6 young (24576K), 6 survivors (24576K)
 Metaspace       used 145086K, committed 148032K, reserved 1179648K
  class space    used 19268K, committed 20608K, reserved 1048576K
}
Event: 111.575 GC heap before
{Heap before GC invocations=75 (full 0):
 garbage-first heap   total 626688K, used 552597K [0x0000000680000000, 0x0000000800000000)
  region size 4096K, 39 young (159744K), 6 survivors (24576K)
 Metaspace       used 145154K, committed 148032K, reserved 1179648K
  class space    used 19268K, committed 20608K, reserved 1048576K
}
Event: 111.647 GC heap after
{Heap after GC invocations=76 (full 0):
 garbage-first heap   total 626688K, used 453877K [0x0000000680000000, 0x0000000800000000)
  region size 4096K, 5 young (20480K), 5 survivors (20480K)
 Metaspace       used 145154K, committed 148032K, reserved 1179648K
  class space    used 19268K, committed 20608K, reserved 1048576K
}
Event: 112.779 GC heap before
{Heap before GC invocations=76 (full 0):
 garbage-first heap   total 757760K, used 560373K [0x0000000680000000, 0x0000000800000000)
  region size 4096K, 32 young (131072K), 5 survivors (20480K)
 Metaspace       used 145236K, committed 148160K, reserved 1179648K
  class space    used 19268K, committed 20608K, reserved 1048576K
}
Event: 112.841 GC heap after
{Heap after GC invocations=77 (full 0):
 garbage-first heap   total 757760K, used 480907K [0x0000000680000000, 0x0000000800000000)
  region size 4096K, 4 young (16384K), 4 survivors (16384K)
 Metaspace       used 145236K, committed 148160K, reserved 1179648K
  class space    used 19268K, committed 20608K, reserved 1048576K
}
Event: 114.213 GC heap before
{Heap before GC invocations=78 (full 0):
 garbage-first heap   total 757760K, used 657035K [0x0000000680000000, 0x0000000800000000)
  region size 4096K, 48 young (196608K), 4 survivors (16384K)
 Metaspace       used 145558K, committed 148416K, reserved 1179648K
  class space    used 19303K, committed 20608K, reserved 1048576K
}
Event: 114.314 GC heap after
{Heap after GC invocations=79 (full 0):
 garbage-first heap   total 757760K, used 524288K [0x0000000680000000, 0x0000000800000000)
  region size 4096K, 6 young (24576K), 6 survivors (24576K)
 Metaspace       used 145558K, committed 148416K, reserved 1179648K
  class space    used 19303K, committed 20608K, reserved 1048576K
}
Event: 116.977 GC heap before
{Heap before GC invocations=79 (full 0):
 garbage-first heap   total 757760K, used 671744K [0x0000000680000000, 0x0000000800000000)
  region size 4096K, 42 young (172032K), 6 survivors (24576K)
 Metaspace       used 145689K, committed 148544K, reserved 1179648K
  class space    used 19311K, committed 20608K, reserved 1048576K
}
Event: 117.059 GC heap after
{Heap after GC invocations=80 (full 0):
 garbage-first heap   total 757760K, used 556114K [0x0000000680000000, 0x0000000800000000)
  region size 4096K, 6 young (24576K), 6 survivors (24576K)
 Metaspace       used 145689K, committed 148544K, reserved 1179648K
  class space    used 19311K, committed 20608K, reserved 1048576K
}
Event: 118.076 GC heap before
{Heap before GC invocations=80 (full 0):
 garbage-first heap   total 757760K, used 646226K [0x0000000680000000, 0x0000000800000000)
  region size 4096K, 29 young (118784K), 6 survivors (24576K)
 Metaspace       used 145698K, committed 148544K, reserved 1179648K
  class space    used 19311K, committed 20608K, reserved 1048576K
}
Event: 118.174 GC heap after
{Heap after GC invocations=81 (full 0):
 garbage-first heap   total 757760K, used 582547K [0x0000000680000000, 0x0000000800000000)
  region size 4096K, 5 young (20480K), 5 survivors (20480K)
 Metaspace       used 145698K, committed 148544K, reserved 1179648K
  class space    used 19311K, committed 20608K, reserved 1048576K
}
Event: 119.450 GC heap before
{Heap before GC invocations=81 (full 0):
 garbage-first heap   total 757760K, used 689043K [0x0000000680000000, 0x0000000800000000)
  region size 4096K, 31 young (126976K), 5 survivors (20480K)
 Metaspace       used 145802K, committed 148672K, reserved 1179648K
  class space    used 19320K, committed 20608K, reserved 1048576K
}

