# JRE version: OpenJDK Runtime Environment (21.0.6) (build 21.0.6+-13368085-b895.109)
# Java VM: OpenJDK 64-Bit Server VM (21.0.6+-13368085-b895.109, mixed mode, tiered, compressed oops, compressed class ptrs, g1 gc, windows-amd64)
GC Precious Log:
 CardTable entry size: 512
 Card Set container configuration: InlinePtr #cards 4 size 8 Array Of Cards #cards 32 size 80 Howl #buckets 8 coarsen threshold 7372 Howl Bitmap #cards 1024 size 144 coarsen threshold 921 Card regions per heap region 1 cards per card region 8192
 CPUs: 8 total, 8 available
 Memory: 7908M
 Large Page Support: Disabled
 NUMA Support: Disabled
 Compressed Oops: Enabled (Zero based)
 Heap Region Size: 4M
 Heap Min Capacity: 8M
 Heap Initial Capacity: 124M
 Heap Max Capacity: 6G
 Pre-touch: Disabled
 Parallel Workers: 8
 Concurrent Workers: 2
 Concurrent Refinement Workers: 8
 Periodic GC: Disabled
Heap:
 garbage-first heap   total 929792K, used 521966K [0x0000000680000000, 0x0000000800000000)
  region size 4096K, 3 young (12288K), 3 survivors (12288K)
 Metaspace       used 193254K, committed 196480K, reserved 1245184K
  class space    used 24555K, committed 26048K, reserved 1048576K
GC Heap History (20 events):
Event: 293.928 GC heap after
{Heap after GC invocations=84 (full 0):
 garbage-first heap   total 745472K, used 427267K [0x0000000680000000, 0x0000000800000000)
  region size 4096K, 6 young (24576K), 6 survivors (24576K)
 Metaspace       used 184358K, committed 187648K, reserved 1245184K
  class space    used 23571K, committed 25088K, reserved 1048576K
}
Event: 312.077 GC heap before
{Heap before GC invocations=85 (full 0):
 garbage-first heap   total 745472K, used 689411K [0x0000000680000000, 0x0000000800000000)
  region size 4096K, 66 young (270336K), 6 survivors (24576K)
 Metaspace       used 189288K, committed 192640K, reserved 1245184K
  class space    used 24029K, committed 25600K, reserved 1048576K
}
Event: 312.377 GC heap after
{Heap after GC invocations=86 (full 0):
 garbage-first heap   total 745472K, used 415296K [0x0000000680000000, 0x0000000800000000)
  region size 4096K, 7 young (28672K), 7 survivors (28672K)
 Metaspace       used 189288K, committed 192640K, reserved 1245184K
  class space    used 24029K, committed 25600K, reserved 1048576K
}
Event: 329.375 GC heap before
{Heap before GC invocations=86 (full 0):
 garbage-first heap   total 745472K, used 603712K [0x0000000680000000, 0x0000000800000000)
  region size 4096K, 54 young (221184K), 7 survivors (28672K)
 Metaspace       used 189686K, committed 193024K, reserved 1245184K
  class space    used 24051K, committed 25600K, reserved 1048576K
}
Event: 329.594 GC heap after
{Heap after GC invocations=87 (full 0):
 garbage-first heap   total 745472K, used 405299K [0x0000000680000000, 0x0000000800000000)
  region size 4096K, 4 young (16384K), 4 survivors (16384K)
 Metaspace       used 189686K, committed 193024K, reserved 1245184K
  class space    used 24051K, committed 25600K, reserved 1048576K
}
Event: 336.721 GC heap before
{Heap before GC invocations=87 (full 0):
 garbage-first heap   total 745472K, used 630579K [0x0000000680000000, 0x0000000800000000)
  region size 4096K, 60 young (245760K), 4 survivors (16384K)
 Metaspace       used 190076K, committed 193344K, reserved 1245184K
  class space    used 24088K, committed 25600K, reserved 1048576K
}
Event: 336.893 GC heap after
{Heap after GC invocations=88 (full 0):
 garbage-first heap   total 745472K, used 414754K [0x0000000680000000, 0x0000000800000000)
  region size 4096K, 8 young (32768K), 8 survivors (32768K)
 Metaspace       used 190076K, committed 193344K, reserved 1245184K
  class space    used 24088K, committed 25600K, reserved 1048576K
}
Event: 337.278 GC heap before
{Heap before GC invocations=88 (full 0):
 garbage-first heap   total 745472K, used 472098K [0x0000000680000000, 0x0000000800000000)
  region size 4096K, 23 young (94208K), 8 survivors (32768K)
 Metaspace       used 190079K, committed 193344K, reserved 1245184K
  class space    used 24088K, committed 25600K, reserved 1048576K
}
Event: 337.397 GC heap after
{Heap after GC invocations=89 (full 0):
 garbage-first heap   total 929792K, used 408828K [0x0000000680000000, 0x0000000800000000)
  region size 4096K, 2 young (8192K), 2 survivors (8192K)
 Metaspace       used 190079K, committed 193344K, reserved 1245184K
  class space    used 24088K, committed 25600K, reserved 1048576K
}
Event: 342.625 GC heap before
{Heap before GC invocations=89 (full 0):
 garbage-first heap   total 929792K, used 843004K [0x0000000680000000, 0x0000000800000000)
  region size 4096K, 109 young (446464K), 2 survivors (8192K)
 Metaspace       used 190251K, committed 193536K, reserved 1245184K
  class space    used 24107K, committed 25664K, reserved 1048576K
}
Event: 342.744 GC heap after
{Heap after GC invocations=90 (full 0):
 garbage-first heap   total 929792K, used 411425K [0x0000000680000000, 0x0000000800000000)
  region size 4096K, 7 young (28672K), 7 survivors (28672K)
 Metaspace       used 190251K, committed 193536K, reserved 1245184K
  class space    used 24107K, committed 25664K, reserved 1048576K
}
Event: 344.470 GC heap before
{Heap before GC invocations=90 (full 0):
 garbage-first heap   total 929792K, used 612129K [0x0000000680000000, 0x0000000800000000)
  region size 4096K, 56 young (229376K), 7 survivors (28672K)
 Metaspace       used 190397K, committed 193728K, reserved 1245184K
  class space    used 24126K, committed 25664K, reserved 1048576K
}
Event: 344.530 GC heap after
{Heap after GC invocations=91 (full 0):
 garbage-first heap   total 929792K, used 415820K [0x0000000680000000, 0x0000000800000000)
  region size 4096K, 2 young (8192K), 2 survivors (8192K)
 Metaspace       used 190397K, committed 193728K, reserved 1245184K
  class space    used 24126K, committed 25664K, reserved 1048576K
}
Event: 356.862 GC heap before
{Heap before GC invocations=91 (full 0):
 garbage-first heap   total 929792K, used 841804K [0x0000000680000000, 0x0000000800000000)
  region size 4096K, 107 young (438272K), 2 survivors (8192K)
 Metaspace       used 191745K, committed 195072K, reserved 1245184K
  class space    used 24292K, committed 25856K, reserved 1048576K
}
Event: 356.913 GC heap after
{Heap after GC invocations=92 (full 0):
 garbage-first heap   total 929792K, used 444963K [0x0000000680000000, 0x0000000800000000)
  region size 4096K, 9 young (36864K), 9 survivors (36864K)
 Metaspace       used 191745K, committed 195072K, reserved 1245184K
  class space    used 24292K, committed 25856K, reserved 1048576K
}
Event: 361.329 GC heap before
{Heap before GC invocations=92 (full 0):
 garbage-first heap   total 929792K, used 678435K [0x0000000680000000, 0x0000000800000000)
  region size 4096K, 67 young (274432K), 9 survivors (36864K)
 Metaspace       used 191790K, committed 195136K, reserved 1245184K
  class space    used 24292K, committed 25856K, reserved 1048576K
}
Event: 361.911 GC heap after
{Heap after GC invocations=93 (full 0):
 garbage-first heap   total 929792K, used 487917K [0x0000000680000000, 0x0000000800000000)
  region size 4096K, 9 young (36864K), 9 survivors (36864K)
 Metaspace       used 191790K, committed 195136K, reserved 1245184K
  class space    used 24292K, committed 25856K, reserved 1048576K
}
Event: 362.511 GC heap before
{Heap before GC invocations=93 (full 0):
 garbage-first heap   total 929792K, used 516589K [0x0000000680000000, 0x0000000800000000)
  region size 4096K, 16 young (65536K), 9 survivors (36864K)
 Metaspace       used 191790K, committed 195136K, reserved 1245184K
  class space    used 24292K, committed 25856K, reserved 1048576K
}
Event: 365.311 GC heap after
{Heap after GC invocations=94 (full 0):
 garbage-first heap   total 929792K, used 502585K [0x0000000680000000, 0x0000000800000000)
  region size 4096K, 2 young (8192K), 2 survivors (8192K)
 Metaspace       used 191790K, committed 195136K, reserved 1245184K
  class space    used 24292K, committed 25856K, reserved 1048576K
}
Event: 373.367 GC heap before
{Heap before GC invocations=94 (full 0):
 garbage-first heap   total 929792K, used 584505K [0x0000000680000000, 0x0000000800000000)
  region size 4096K, 23 young (94208K), 2 survivors (8192K)
 Metaspace       used 193254K, committed 196480K, reserved 1245184K
  class space    used 24555K, committed 26048K, reserved 1048576K
}

