# JRE version: OpenJDK Runtime Environment (21.0.6) (build 21.0.6+-13368085-b895.109)
# Java VM: OpenJDK 64-Bit Server VM (21.0.6+-13368085-b895.109, mixed mode, tiered, compressed oops, compressed class ptrs, g1 gc, windows-amd64)
GC Precious Log:
 CardTable entry size: 512
 Card Set container configuration: InlinePtr #cards 4 size 8 Array Of Cards #cards 32 size 80 Howl #buckets 8 coarsen threshold 7372 Howl Bitmap #cards 1024 size 144 coarsen threshold 921 Card regions per heap region 1 cards per card region 8192
 CPUs: 8 total, 8 available
 Memory: 7908M
 Large Page Support: Disabled
 NUMA Support: Disabled
 Compressed Oops: Enabled (Zero based)
 Heap Region Size: 4M
 Heap Min Capacity: 8M
 Heap Initial Capacity: 124M
 Heap Max Capacity: 6G
 Pre-touch: Disabled
 Parallel Workers: 8
 Concurrent Workers: 2
 Concurrent Refinement Workers: 8
 Periodic GC: Disabled
Heap:
 garbage-first heap   total 688128K, used 335120K [0x0000000680000000, 0x0000000800000000)
  region size 4096K, 7 young (28672K), 7 survivors (28672K)
 Metaspace       used 160307K, committed 163456K, reserved 1245184K
  class space    used 20744K, committed 22272K, reserved 1048576K
GC Heap History (20 events):
Event: 132.097 GC heap after
{Heap after GC invocations=74 (full 0):
 garbage-first heap   total 438272K, used 265209K [0x0000000680000000, 0x0000000800000000)
  region size 4096K, 2 young (8192K), 2 survivors (8192K)
 Metaspace       used 136169K, committed 139008K, reserved 1179648K
  class space    used 18241K, committed 19584K, reserved 1048576K
}
Event: 138.001 GC heap before
{Heap before GC invocations=74 (full 0):
 garbage-first heap   total 438272K, used 433145K [0x0000000680000000, 0x0000000800000000)
  region size 4096K, 31 young (126976K), 2 survivors (8192K)
 Metaspace       used 136616K, committed 139520K, reserved 1179648K
  class space    used 18306K, committed 19712K, reserved 1048576K
}
Event: 138.106 GC heap after
{Heap after GC invocations=75 (full 0):
 garbage-first heap   total 462848K, used 271758K [0x0000000680000000, 0x0000000800000000)
  region size 4096K, 4 young (16384K), 4 survivors (16384K)
 Metaspace       used 136616K, committed 139520K, reserved 1179648K
  class space    used 18306K, committed 19712K, reserved 1048576K
}
Event: 143.358 GC heap before
{Heap before GC invocations=75 (full 0):
 garbage-first heap   total 462848K, used 378254K [0x0000000680000000, 0x0000000800000000)
  region size 4096K, 31 young (126976K), 4 survivors (16384K)
 Metaspace       used 137821K, committed 140672K, reserved 1179648K
  class space    used 18445K, committed 19840K, reserved 1048576K
}
Event: 143.860 GC heap after
{Heap after GC invocations=76 (full 0):
 garbage-first heap   total 688128K, used 277309K [0x0000000680000000, 0x0000000800000000)
  region size 4096K, 4 young (16384K), 4 survivors (16384K)
 Metaspace       used 137821K, committed 140672K, reserved 1179648K
  class space    used 18445K, committed 19840K, reserved 1048576K
}
Event: 144.003 GC heap before
{Heap before GC invocations=76 (full 0):
 garbage-first heap   total 688128K, used 293693K [0x0000000680000000, 0x0000000800000000)
  region size 4096K, 8 young (32768K), 4 survivors (16384K)
 Metaspace       used 137862K, committed 140736K, reserved 1179648K
  class space    used 18450K, committed 19840K, reserved 1048576K
}
Event: 144.062 GC heap after
{Heap after GC invocations=77 (full 0):
 garbage-first heap   total 688128K, used 278225K [0x0000000680000000, 0x0000000800000000)
  region size 4096K, 1 young (4096K), 1 survivors (4096K)
 Metaspace       used 137862K, committed 140736K, reserved 1179648K
  class space    used 18450K, committed 19840K, reserved 1048576K
}
Event: 160.479 GC heap before
{Heap before GC invocations=77 (full 0):
 garbage-first heap   total 688128K, used 454353K [0x0000000680000000, 0x0000000800000000)
  region size 4096K, 45 young (184320K), 1 survivors (4096K)
 Metaspace       used 149782K, committed 152768K, reserved 1245184K
  class space    used 19903K, committed 21376K, reserved 1048576K
}
Event: 160.539 GC heap after
{Heap after GC invocations=78 (full 0):
 garbage-first heap   total 688128K, used 290639K [0x0000000680000000, 0x0000000800000000)
  region size 4096K, 4 young (16384K), 4 survivors (16384K)
 Metaspace       used 149782K, committed 152768K, reserved 1245184K
  class space    used 19903K, committed 21376K, reserved 1048576K
}
Event: 170.140 GC heap before
{Heap before GC invocations=78 (full 0):
 garbage-first heap   total 688128K, used 413519K [0x0000000680000000, 0x0000000800000000)
  region size 4096K, 35 young (143360K), 4 survivors (16384K)
 Metaspace       used 151767K, committed 154752K, reserved 1245184K
  class space    used 20006K, committed 21440K, reserved 1048576K
}
Event: 170.196 GC heap after
{Heap after GC invocations=79 (full 0):
 garbage-first heap   total 688128K, used 292044K [0x0000000680000000, 0x0000000800000000)
  region size 4096K, 2 young (8192K), 2 survivors (8192K)
 Metaspace       used 151767K, committed 154752K, reserved 1245184K
  class space    used 20006K, committed 21440K, reserved 1048576K
}
Event: 198.279 GC heap before
{Heap before GC invocations=79 (full 0):
 garbage-first heap   total 688128K, used 586956K [0x0000000680000000, 0x0000000800000000)
  region size 4096K, 76 young (311296K), 2 survivors (8192K)
 Metaspace       used 153432K, committed 156544K, reserved 1245184K
  class space    used 20086K, committed 21568K, reserved 1048576K
}
Event: 198.732 GC heap after
{Heap after GC invocations=80 (full 0):
 garbage-first heap   total 688128K, used 308002K [0x0000000680000000, 0x0000000800000000)
  region size 4096K, 6 young (24576K), 6 survivors (24576K)
 Metaspace       used 153432K, committed 156544K, reserved 1245184K
  class space    used 20086K, committed 21568K, reserved 1048576K
}
Event: 199.073 GC heap before
{Heap before GC invocations=80 (full 0):
 garbage-first heap   total 688128K, used 312098K [0x0000000680000000, 0x0000000800000000)
  region size 4096K, 8 young (32768K), 6 survivors (24576K)
 Metaspace       used 153699K, committed 156800K, reserved 1245184K
  class space    used 20110K, committed 21568K, reserved 1048576K
}
Event: 199.635 GC heap after
{Heap after GC invocations=81 (full 0):
 garbage-first heap   total 688128K, used 304012K [0x0000000680000000, 0x0000000800000000)
  region size 4096K, 1 young (4096K), 1 survivors (4096K)
 Metaspace       used 153699K, committed 156800K, reserved 1245184K
  class space    used 20110K, committed 21568K, reserved 1048576K
}
Event: 203.704 GC heap before
{Heap before GC invocations=81 (full 0):
 garbage-first heap   total 688128K, used 426892K [0x0000000680000000, 0x0000000800000000)
  region size 4096K, 32 young (131072K), 1 survivors (4096K)
 Metaspace       used 154610K, committed 157696K, reserved 1245184K
  class space    used 20177K, committed 21632K, reserved 1048576K
}
Event: 203.754 GC heap after
{Heap after GC invocations=82 (full 0):
 garbage-first heap   total 688128K, used 317610K [0x0000000680000000, 0x0000000800000000)
  region size 4096K, 4 young (16384K), 4 survivors (16384K)
 Metaspace       used 154610K, committed 157696K, reserved 1245184K
  class space    used 20177K, committed 21632K, reserved 1048576K
}
Event: 209.073 GC heap before
{Heap before GC invocations=83 (full 0):
 garbage-first heap   total 688128K, used 407722K [0x0000000680000000, 0x0000000800000000)
  region size 4096K, 27 young (110592K), 4 survivors (16384K)
 Metaspace       used 158379K, committed 161472K, reserved 1245184K
  class space    used 20567K, committed 22016K, reserved 1048576K
}
Event: 209.185 GC heap after
{Heap after GC invocations=84 (full 0):
 garbage-first heap   total 688128K, used 327412K [0x0000000680000000, 0x0000000800000000)
  region size 4096K, 3 young (12288K), 3 survivors (12288K)
 Metaspace       used 158379K, committed 161472K, reserved 1245184K
  class space    used 20567K, committed 22016K, reserved 1048576K
}
Event: 222.400 GC heap before
{Heap before GC invocations=84 (full 0):
 garbage-first heap   total 688128K, used 618228K [0x0000000680000000, 0x0000000800000000)
  region size 4096K, 75 young (307200K), 3 survivors (12288K)
 Metaspace       used 160307K, committed 163456K, reserved 1245184K
  class space    used 20744K, committed 22272K, reserved 1048576K
}

