# JRE version: OpenJDK Runtime Environment (21.0.6) (build 21.0.6+-13368085-b895.109)
# Java VM: OpenJDK 64-Bit Server VM (21.0.6+-13368085-b895.109, mixed mode, tiered, compressed oops, compressed class ptrs, g1 gc, windows-amd64)
GC Precious Log:
 CardTable entry size: 512
 Card Set container configuration: InlinePtr #cards 4 size 8 Array Of Cards #cards 32 size 80 Howl #buckets 8 coarsen threshold 7372 Howl Bitmap #cards 1024 size 144 coarsen threshold 921 Card regions per heap region 1 cards per card region 8192
 CPUs: 8 total, 8 available
 Memory: 7908M
 Large Page Support: Disabled
 NUMA Support: Disabled
 Compressed Oops: Enabled (Zero based)
 Heap Region Size: 4M
 Heap Min Capacity: 8M
 Heap Initial Capacity: 124M
 Heap Max Capacity: 6G
 Pre-touch: Disabled
 Parallel Workers: 8
 Concurrent Workers: 2
 Concurrent Refinement Workers: 8
 Periodic GC: Disabled
Heap:
 garbage-first heap   total 1609728K, used 750111K [0x0000000680000000, 0x0000000800000000)
  region size 4096K, 7 young (28672K), 7 survivors (28672K)
 Metaspace       used 194976K, committed 198208K, reserved 1245184K
  class space    used 24416K, committed 25984K, reserved 1048576K
GC Heap History (20 events):
Event: 135.086 GC heap after
{Heap after GC invocations=76 (full 0):
 garbage-first heap   total 811008K, used 385019K [0x0000000680000000, 0x0000000800000000)
  region size 4096K, 10 young (40960K), 10 survivors (40960K)
 Metaspace       used 175202K, committed 178304K, reserved 1245184K
  class space    used 22226K, committed 23680K, reserved 1048576K
}
Event: 139.101 GC heap before
{Heap before GC invocations=77 (full 0):
 garbage-first heap   total 811008K, used 716795K [0x0000000680000000, 0x0000000800000000)
  region size 4096K, 92 young (376832K), 10 survivors (40960K)
 Metaspace       used 175531K, committed 178624K, reserved 1245184K
  class space    used 22262K, committed 23744K, reserved 1048576K
}
Event: 139.179 GC heap after
{Heap after GC invocations=78 (full 0):
 garbage-first heap   total 811008K, used 380697K [0x0000000680000000, 0x0000000800000000)
  region size 4096K, 7 young (28672K), 7 survivors (28672K)
 Metaspace       used 175531K, committed 178624K, reserved 1245184K
  class space    used 22262K, committed 23744K, reserved 1048576K
}
Event: 142.274 GC heap before
{Heap before GC invocations=78 (full 0):
 garbage-first heap   total 811008K, used 728857K [0x0000000680000000, 0x0000000800000000)
  region size 4096K, 93 young (380928K), 7 survivors (28672K)
 Metaspace       used 176727K, committed 179840K, reserved 1245184K
  class space    used 22415K, committed 23872K, reserved 1048576K
}
Event: 142.439 GC heap after
{Heap after GC invocations=79 (full 0):
 garbage-first heap   total 819200K, used 419305K [0x0000000680000000, 0x0000000800000000)
  region size 4096K, 12 young (49152K), 12 survivors (49152K)
 Metaspace       used 176727K, committed 179840K, reserved 1245184K
  class space    used 22415K, committed 23872K, reserved 1048576K
}
Event: 144.904 GC heap before
{Heap before GC invocations=79 (full 0):
 garbage-first heap   total 819200K, used 710121K [0x0000000680000000, 0x0000000800000000)
  region size 4096K, 84 young (344064K), 12 survivors (49152K)
 Metaspace       used 181872K, committed 184960K, reserved 1245184K
  class space    used 23098K, committed 24576K, reserved 1048576K
}
Event: 145.088 GC heap after
{Heap after GC invocations=80 (full 0):
 garbage-first heap   total 819200K, used 462848K [0x0000000680000000, 0x0000000800000000)
  region size 4096K, 11 young (45056K), 11 survivors (45056K)
 Metaspace       used 181872K, committed 184960K, reserved 1245184K
  class space    used 23098K, committed 24576K, reserved 1048576K
}
Event: 146.418 GC heap before
{Heap before GC invocations=80 (full 0):
 garbage-first heap   total 819200K, used 712704K [0x0000000680000000, 0x0000000800000000)
  region size 4096K, 73 young (299008K), 11 survivors (45056K)
 Metaspace       used 181892K, committed 185024K, reserved 1245184K
  class space    used 23098K, committed 24576K, reserved 1048576K
}
Event: 146.551 GC heap after
{Heap after GC invocations=81 (full 0):
 garbage-first heap   total 1609728K, used 517085K [0x0000000680000000, 0x0000000800000000)
  region size 4096K, 10 young (40960K), 10 survivors (40960K)
 Metaspace       used 181892K, committed 185024K, reserved 1245184K
  class space    used 23098K, committed 24576K, reserved 1048576K
}
Event: 151.693 GC heap before
{Heap before GC invocations=81 (full 0):
 garbage-first heap   total 1609728K, used 893917K [0x0000000680000000, 0x0000000800000000)
  region size 4096K, 103 young (421888K), 10 survivors (40960K)
 Metaspace       used 181686K, committed 184896K, reserved 1245184K
  class space    used 23084K, committed 24576K, reserved 1048576K
}
Event: 152.314 GC heap after
{Heap after GC invocations=82 (full 0):
 garbage-first heap   total 1609728K, used 596363K [0x0000000680000000, 0x0000000800000000)
  region size 4096K, 13 young (53248K), 13 survivors (53248K)
 Metaspace       used 181686K, committed 184896K, reserved 1245184K
  class space    used 23084K, committed 24576K, reserved 1048576K
}
Event: 152.643 GC heap before
{Heap before GC invocations=82 (full 0):
 garbage-first heap   total 1609728K, used 616843K [0x0000000680000000, 0x0000000800000000)
  region size 4096K, 19 young (77824K), 13 survivors (53248K)
 Metaspace       used 181687K, committed 184896K, reserved 1245184K
  class space    used 23084K, committed 24576K, reserved 1048576K
}
Event: 152.701 GC heap after
{Heap after GC invocations=83 (full 0):
 garbage-first heap   total 1609728K, used 602101K [0x0000000680000000, 0x0000000800000000)
  region size 4096K, 3 young (12288K), 3 survivors (12288K)
 Metaspace       used 181687K, committed 184896K, reserved 1245184K
  class space    used 23084K, committed 24576K, reserved 1048576K
}
Event: 154.117 GC heap before
{Heap before GC invocations=84 (full 0):
 garbage-first heap   total 1609728K, used 749557K [0x0000000680000000, 0x0000000800000000)
  region size 4096K, 38 young (155648K), 3 survivors (12288K)
 Metaspace       used 181691K, committed 184896K, reserved 1245184K
  class space    used 23084K, committed 24576K, reserved 1048576K
}
Event: 154.185 GC heap after
{Heap after GC invocations=85 (full 0):
 garbage-first heap   total 1609728K, used 638329K [0x0000000680000000, 0x0000000800000000)
  region size 4096K, 5 young (20480K), 5 survivors (20480K)
 Metaspace       used 181691K, committed 184896K, reserved 1245184K
  class space    used 23084K, committed 24576K, reserved 1048576K
}
Event: 157.765 GC heap before
{Heap before GC invocations=85 (full 0):
 garbage-first heap   total 1609728K, used 867705K [0x0000000680000000, 0x0000000800000000)
  region size 4096K, 60 young (245760K), 5 survivors (20480K)
 Metaspace       used 185391K, committed 188480K, reserved 1245184K
  class space    used 23528K, committed 25024K, reserved 1048576K
}
Event: 157.913 GC heap after
{Heap after GC invocations=86 (full 0):
 garbage-first heap   total 1609728K, used 680520K [0x0000000680000000, 0x0000000800000000)
  region size 4096K, 8 young (32768K), 8 survivors (32768K)
 Metaspace       used 185391K, committed 188480K, reserved 1245184K
  class space    used 23528K, committed 25024K, reserved 1048576K
}
Event: 159.364 GC heap before
{Heap before GC invocations=86 (full 0):
 garbage-first heap   total 1609728K, used 877128K [0x0000000680000000, 0x0000000800000000)
  region size 4096K, 57 young (233472K), 8 survivors (32768K)
 Metaspace       used 189938K, committed 193088K, reserved 1245184K
  class space    used 23879K, committed 25344K, reserved 1048576K
}
Event: 159.489 GC heap after
{Heap after GC invocations=87 (full 0):
 garbage-first heap   total 1609728K, used 720896K [0x0000000680000000, 0x0000000800000000)
  region size 4096K, 8 young (32768K), 8 survivors (32768K)
 Metaspace       used 189938K, committed 193088K, reserved 1245184K
  class space    used 23879K, committed 25344K, reserved 1048576K
}
Event: 161.185 GC heap before
{Heap before GC invocations=87 (full 0):
 garbage-first heap   total 1609728K, used 995328K [0x0000000680000000, 0x0000000800000000)
  region size 4096K, 75 young (307200K), 8 survivors (32768K)
 Metaspace       used 194976K, committed 198208K, reserved 1245184K
  class space    used 24416K, committed 25984K, reserved 1048576K
}

